<?xml version="1.0" encoding="UTF-8"?>
<testsuite name="com.reto.runners.PurchaseRunner" tests="2" skipped="0" failures="0" errors="0" timestamp="2022-12-12T23:29:08" hostname="SISTE821" time="22.239">
  <properties/>
  <testcase name="log in to the page #1" classname="com.reto.runners.PurchaseRunner" time="12.698"/>
  <testcase name="log in to the page #2" classname="com.reto.runners.PurchaseRunner" time="9.54"/>
  <system-out><![CDATA[?[92m|-- Given : actor opens browser?[0m
?[92m|---- Elkin opens the browser at https://automation-wappi.vercel.app/login?[0m
?[92m|-- When : I send the username and password?[0m
?[92m|---- Elkin send loggin?[0m
?[92m|------ Elkin enters 'sygjgob99039315' into USER?[0m
?[92m|------ Elkin enters '12642571762' into PASWORD?[0m
?[92m|------ Elkin clicks on GET_INTO?[0m
?[92m|-- Then : check the offers page and make a purchase "without a" coupon?[0m
?[92m|---- Elkin send purchase?[0m
?[92m|------ Elkin clicks on ASK?[0m
?[92m|------ Elkin clicks on CONFIRMORDER?[0m
?[92m|------ Elkin clicks on CLOSE?[0m
?[92m|------ Elkin clicks on MYORDERS?[0m
?[92m|-- Given : actor opens browser?[0m
?[92m|---- Elkin opens the browser at https://automation-wappi.vercel.app/login?[0m
?[92m|-- When : I send the username and password?[0m
?[92m|---- Elkin send loggin?[0m
?[92m|------ Elkin enters 'sfdbocv23405425' into USER?[0m
?[92m|------ Elkin enters '87705406660' into PASWORD?[0m
?[92m|------ Elkin clicks on GET_INTO?[0m
?[92m|-- Then : check the offers page and make a purchase "with" coupon?[0m
?[92m|---- Elkin send purchase?[0m
?[92m|------ Elkin clicks on CUPON?[0m
?[92m|------ Elkin clicks on CUPONCLOSE?[0m
?[92m|------ Elkin clicks on BEGINING?[0m
?[92m|------ Elkin clicks on ASK?[0m
?[92m|------ Elkin enters 'UEsYadWzhsB2Nzh' into CUPONINPUT?[0m
?[92m|------ Elkin clicks on CONFIRMORDER?[0m
?[92m|------ Elkin clicks on CLOSE?[0m
?[92m|------ Elkin clicks on MYORDERS?[0m
]]></system-out>
  <system-err><![CDATA[Starting ChromeDriver 108.0.5359.71 (1e0e3868ee06e91ad636a874420e3ca3ae3756ac-refs/branch-heads/5359@{#1016}) on port 60883
Only local connections are allowed.
Please see https://chromedriver.chromium.org/security-considerations for suggestions on keeping ChromeDriver safe.
ChromeDriver was started successfully.
dic 12, 2022 6:29:12 PM org.openqa.selenium.remote.ProtocolHandshake createSession
INFORMACIÓN: Detected dialect: W3C
dic 12, 2022 6:29:12 PM org.openqa.selenium.devtools.CdpVersionFinder findNearestMatch
ADVERTENCIA: Unable to find an exact match for CDP version 108, so returning the closest version found: a no-op implementation
dic 12, 2022 6:29:12 PM org.openqa.selenium.devtools.CdpVersionFinder findNearestMatch
INFORMACIÓN: Unable to find CDP implementation matching 108.
dic 12, 2022 6:29:12 PM org.openqa.selenium.chromium.ChromiumDriver lambda$new$3
ADVERTENCIA: Unable to find version of CDP to use for . You may need to include a dependency on a specific version of the CDP using something similar to `org.seleniumhq.selenium:selenium-devtools-v86:4.1.4` where the version ("v86") matches the version of the chromium-based browser you're using and the version number of the artifact is the same as Selenium's.
Starting ChromeDriver 108.0.5359.71 (1e0e3868ee06e91ad636a874420e3ca3ae3756ac-refs/branch-heads/5359@{#1016}) on port 49346
Only local connections are allowed.
Please see https://chromedriver.chromium.org/security-considerations for suggestions on keeping ChromeDriver safe.
ChromeDriver was started successfully.
dic 12, 2022 6:29:22 PM org.openqa.selenium.remote.ProtocolHandshake createSession
INFORMACIÓN: Detected dialect: W3C
dic 12, 2022 6:29:22 PM org.openqa.selenium.devtools.CdpVersionFinder findNearestMatch
ADVERTENCIA: Unable to find an exact match for CDP version 108, so returning the closest version found: a no-op implementation
dic 12, 2022 6:29:22 PM org.openqa.selenium.devtools.CdpVersionFinder findNearestMatch
INFORMACIÓN: Unable to find CDP implementation matching 108.
dic 12, 2022 6:29:22 PM org.openqa.selenium.chromium.ChromiumDriver lambda$new$3
ADVERTENCIA: Unable to find version of CDP to use for . You may need to include a dependency on a specific version of the CDP using something similar to `org.seleniumhq.selenium:selenium-devtools-v86:4.1.4` where the version ("v86") matches the version of the chromium-based browser you're using and the version number of the artifact is the same as Selenium's.
?[32m?[1m??????????????????????????????????????????????????????????????????????????????????????[0m
?[32m?[1m??[0m Share your Cucumber Report with your team at ?[36m?[1m?[4mhttps://reports.cucumber.io?[0m          ?[32m?[1m??[0m
?[32m?[1m??[0m Activate publishing with one of the following:                                    ?[32m?[1m??[0m
?[32m?[1m??[0m                                                                                   ?[32m?[1m??[0m
?[32m?[1m??[0m src/test/resources/cucumber.properties:          ?[36mcucumber.publish.enabled?[0m=?[36mtrue?[0m    ?[32m?[1m??[0m
?[32m?[1m??[0m src/test/resources/junit-platform.properties:    ?[36mcucumber.publish.enabled?[0m=?[36mtrue?[0m    ?[32m?[1m??[0m
?[32m?[1m??[0m Environment variable:                            ?[36mCUCUMBER_PUBLISH_ENABLED?[0m=?[36mtrue?[0m    ?[32m?[1m??[0m
?[32m?[1m??[0m JUnit:                                           ?[36m@CucumberOptions?[0m(publish = ?[36mtrue?[0m) ?[32m?[1m??[0m
?[32m?[1m??[0m                                                                                   ?[32m?[1m??[0m
?[32m?[1m??[0m More information at ?[36mhttps://cucumber.io/docs/cucumber/environment-variables/?[0m      ?[32m?[1m??[0m
?[32m?[1m??[0m                                                                                   ?[32m?[1m??[0m
?[32m?[1m??[0m Disable this message with one of the following:                                   ?[32m?[1m??[0m
?[32m?[1m??[0m                                                                                   ?[32m?[1m??[0m
?[32m?[1m??[0m src/test/resources/cucumber.properties:          ?[36mcucumber.publish.quiet?[0m=?[36mtrue?[0m      ?[32m?[1m??[0m
?[32m?[1m??[0m src/test/resources/junit-platform.properties:    ?[36mcucumber.publish.quiet?[0m=?[36mtrue?[0m      ?[32m?[1m??[0m
?[32m?[1m??????????????????????????????????????????????????????????????????????????????????????[0m
]]></system-err>
</testsuite>
